<?xml version="1.0" encoding="UTF-8"?>
<!-- Generated by org.testng.reporters.JUnitReportReporter -->
<testsuite hostname="DESKTOP-0M104V6" failures="0" tests="3" name="com.elevatortech.testcases.Home_TestCase" time="12.717" errors="0" timestamp="2023-01-09T15:43:30 IST" skipped="0">
  <testcase classname="com.elevatortech.testcases.Home_TestCase" name="test" time="1.478"/>
  <system-out/>
  <testcase classname="com.elevatortech.testcases.Home_TestCase" name="verifyclick" time="3.987"/>
  <system-out/>
  <testcase classname="com.elevatortech.testcases.Home_TestCase" name="verifyContactform" time="7.252"/>
  <system-out/>
</testsuite> <!-- com.elevatortech.testcases.Home_TestCase -->
