<?xml version="1.0" encoding="UTF-8"?>
<!-- Generated by org.testng.reporters.JUnitReportReporter -->
<testsuite hostname="DESKTOP-0M104V6" failures="0" tests="1" name="com.elevatortech.testcases.Contactus_testcases" time="5.687" errors="0" timestamp="2023-01-09T15:35:42 IST" skipped="0">
  <testcase classname="com.elevatortech.testcases.Contactus_testcases" name="verifyContactform" time="5.687"/>
  <system-out/>
</testsuite> <!-- com.elevatortech.testcases.Contactus_testcases -->
